<?xml version="1.0" encoding="UTF-8"?>
<!-- Generated by org.testng.reporters.JUnitXMLReporter -->
<testsuite ignored="0" hostname="raslan0120mac.corp.acxiom.net" failures="0" tests="4" name="API Tests" time="2.349" errors="0" timestamp="2020-09-23T02:08:34 CDT">
  <testcase classname="apple.apitests.APITests" name="deleteAUser" time="1.47"/>
  <testcase classname="apple.apitests.APITests" name="login" time="0.2"/>
  <testcase classname="apple.apitests.APITests" name="updateAUser" time="0.234"/>
  <testcase classname="apple.apitests.APITests" name="logout" time="0.208"/>
</testsuite> <!-- API Tests -->
