<?xml version="1.0" encoding="UTF-8"?>
<testsuite xmlns:xsi="http://www.w3.org/2001/XMLSchema-instance" xsi:noNamespaceSchemaLocation="https://maven.apache.org/surefire/maven-surefire-plugin/xsd/surefire-test-report.xsd" name="TestSuite" time="3.082" tests="4" errors="0" skipped="0" failures="0">
  <properties>
[...]
</properties>
  <testcase name="deleteAUser" classname="apple.apitests.APITests" time="1.471"/>
  <testcase name="login" classname="apple.apitests.APITests" time="0.199"/>
  <testcase name="updateAUser" classname="apple.apitests.APITests" time="0.234"/>
  <testcase name="logout" classname="apple.apitests.APITests" time="0.208"/>
</testsuite>