<?xml version="1.0" encoding="UTF-8"?>
<testng-results ignored="0" total="4" passed="4" failed="0" skipped="0">
  <reporter-output>
  </reporter-output>
  <suite started-at="2020-09-23T02:08:32 CDT" name="Apple Get API Tests" finished-at="2020-09-23T02:08:34 CDT" duration-ms="2349">
    <groups>
      <group name="logout">
        <method signature="APITests.logout(java.lang.reflect.Method)[pri:2, instance:apple.apitests.APITests@683dbc2c]" name="logout" class="apple.apitests.APITests"/>
      </group> <!-- logout -->
      <group name="smoke">
        <method signature="APITests.deleteAUser(java.lang.reflect.Method)[pri:1, instance:apple.apitests.APITests@683dbc2c]" name="deleteAUser" class="apple.apitests.APITests"/>
        <method signature="APITests.login(java.lang.reflect.Method)[pri:1, instance:apple.apitests.APITests@683dbc2c]" name="login" class="apple.apitests.APITests"/>
        <method signature="APITests.logout(java.lang.reflect.Method)[pri:2, instance:apple.apitests.APITests@683dbc2c]" name="logout" class="apple.apitests.APITests"/>
        <method signature="APITests.updateAUser(java.lang.reflect.Method)[pri:1, instance:apple.apitests.APITests@683dbc2c]" name="updateAUser" class="apple.apitests.APITests"/>
      </group> <!-- smoke -->
      <group name="update">
        <method signature="APITests.updateAUser(java.lang.reflect.Method)[pri:1, instance:apple.apitests.APITests@683dbc2c]" name="updateAUser" class="apple.apitests.APITests"/>
      </group> <!-- update -->
      <group name="login">
        <method signature="APITests.login(java.lang.reflect.Method)[pri:1, instance:apple.apitests.APITests@683dbc2c]" name="login" class="apple.apitests.APITests"/>
      </group> <!-- login -->
      <group name="delete">
        <method signature="APITests.deleteAUser(java.lang.reflect.Method)[pri:1, instance:apple.apitests.APITests@683dbc2c]" name="deleteAUser" class="apple.apitests.APITests"/>
      </group> <!-- delete -->
    </groups>
    <test started-at="2020-09-23T02:08:32 CDT" name="API Tests" finished-at="2020-09-23T02:08:34 CDT" duration-ms="2349">
      <class name="apple.apitests.APITests">
        <test-method is-config="true" signature="startTest()[pri:0, instance:apple.apitests.APITests@683dbc2c]" started-at="2020-09-23T02:08:32 CDT" name="startTest" finished-at="2020-09-23T02:08:32 CDT" duration-ms="198" status="PASS">
          <reporter-output>
          </reporter-output>
        </test-method> <!-- startTest -->
        <test-method is-config="true" signature="setup()[pri:0, instance:apple.apitests.APITests@683dbc2c]" started-at="2020-09-23T02:08:32 CDT" name="setup" finished-at="2020-09-23T02:08:32 CDT" duration-ms="0" status="PASS">
          <reporter-output>
          </reporter-output>
        </test-method> <!-- setup -->
        <test-method signature="deleteAUser(java.lang.reflect.Method)[pri:1, instance:apple.apitests.APITests@683dbc2c]" started-at="2020-09-23T02:08:32 CDT" name="deleteAUser" finished-at="2020-09-23T02:08:33 CDT" duration-ms="1470" status="PASS">
          <params>
            <param index="0">
              <value>
                <![CDATA[public void apple.apitests.APITests.deleteAUser(java.lang.reflect.Method) throws java.io.IOException]]>
              </value>
            </param>
          </params>
          <reporter-output>
          </reporter-output>
        </test-method> <!-- deleteAUser -->
        <test-method is-config="true" signature="tearDown(org.testng.ITestResult)[pri:0, instance:apple.apitests.APITests@683dbc2c]" started-at="2020-09-23T02:08:33 CDT" name="tearDown" finished-at="2020-09-23T02:08:33 CDT" duration-ms="1" status="PASS">
          <params>
            <param index="0">
              <value>
                <![CDATA[[TestResult name=deleteAUser status=SUCCESS method=APITests.deleteAUser(java.lang.reflect.Method)[pri:1, instance:apple.apitests.APITests@683dbc2c] output={null}]]]>
              </value>
            </param>
          </params>
          <reporter-output>
          </reporter-output>
        </test-method> <!-- tearDown -->
        <test-method signature="login(java.lang.reflect.Method)[pri:1, instance:apple.apitests.APITests@683dbc2c]" started-at="2020-09-23T02:08:33 CDT" name="login" finished-at="2020-09-23T02:08:33 CDT" duration-ms="200" status="PASS">
          <params>
            <param index="0">
              <value>
                <![CDATA[public void apple.apitests.APITests.login(java.lang.reflect.Method) throws java.io.IOException]]>
              </value>
            </param>
          </params>
          <reporter-output>
          </reporter-output>
        </test-method> <!-- login -->
        <test-method is-config="true" signature="setup()[pri:0, instance:apple.apitests.APITests@683dbc2c]" started-at="2020-09-23T02:08:33 CDT" name="setup" finished-at="2020-09-23T02:08:33 CDT" duration-ms="0" status="PASS">
          <reporter-output>
          </reporter-output>
        </test-method> <!-- setup -->
        <test-method is-config="true" signature="tearDown(org.testng.ITestResult)[pri:0, instance:apple.apitests.APITests@683dbc2c]" started-at="2020-09-23T02:08:33 CDT" name="tearDown" finished-at="2020-09-23T02:08:33 CDT" duration-ms="0" status="PASS">
          <params>
            <param index="0">
              <value>
                <![CDATA[[TestResult name=login status=SUCCESS method=APITests.login(java.lang.reflect.Method)[pri:1, instance:apple.apitests.APITests@683dbc2c] output={null}]]]>
              </value>
            </param>
          </params>
          <reporter-output>
          </reporter-output>
        </test-method> <!-- tearDown -->
        <test-method is-config="true" signature="setup()[pri:0, instance:apple.apitests.APITests@683dbc2c]" started-at="2020-09-23T02:08:33 CDT" name="setup" finished-at="2020-09-23T02:08:33 CDT" duration-ms="0" status="PASS">
          <reporter-output>
          </reporter-output>
        </test-method> <!-- setup -->
        <test-method signature="updateAUser(java.lang.reflect.Method)[pri:1, instance:apple.apitests.APITests@683dbc2c]" started-at="2020-09-23T02:08:33 CDT" name="updateAUser" finished-at="2020-09-23T02:08:34 CDT" duration-ms="234" status="PASS">
          <params>
            <param index="0">
              <value>
                <![CDATA[public void apple.apitests.APITests.updateAUser(java.lang.reflect.Method) throws java.io.IOException]]>
              </value>
            </param>
          </params>
          <reporter-output>
          </reporter-output>
        </test-method> <!-- updateAUser -->
        <test-method is-config="true" signature="tearDown(org.testng.ITestResult)[pri:0, instance:apple.apitests.APITests@683dbc2c]" started-at="2020-09-23T02:08:34 CDT" name="tearDown" finished-at="2020-09-23T02:08:34 CDT" duration-ms="0" status="PASS">
          <params>
            <param index="0">
              <value>
                <![CDATA[[TestResult name=updateAUser status=SUCCESS method=APITests.updateAUser(java.lang.reflect.Method)[pri:1, instance:apple.apitests.APITests@683dbc2c] output={null}]]]>
              </value>
            </param>
          </params>
          <reporter-output>
          </reporter-output>
        </test-method> <!-- tearDown -->
        <test-method is-config="true" signature="setup()[pri:0, instance:apple.apitests.APITests@683dbc2c]" started-at="2020-09-23T02:08:34 CDT" name="setup" finished-at="2020-09-23T02:08:34 CDT" duration-ms="0" status="PASS">
          <reporter-output>
          </reporter-output>
        </test-method> <!-- setup -->
        <test-method signature="logout(java.lang.reflect.Method)[pri:2, instance:apple.apitests.APITests@683dbc2c]" started-at="2020-09-23T02:08:34 CDT" name="logout" finished-at="2020-09-23T02:08:34 CDT" duration-ms="208" status="PASS">
          <params>
            <param index="0">
              <value>
                <![CDATA[public void apple.apitests.APITests.logout(java.lang.reflect.Method) throws java.io.IOException]]>
              </value>
            </param>
          </params>
          <reporter-output>
          </reporter-output>
        </test-method> <!-- logout -->
        <test-method is-config="true" signature="tearDown(org.testng.ITestResult)[pri:0, instance:apple.apitests.APITests@683dbc2c]" started-at="2020-09-23T02:08:34 CDT" name="tearDown" finished-at="2020-09-23T02:08:34 CDT" duration-ms="0" status="PASS">
          <params>
            <param index="0">
              <value>
                <![CDATA[[TestResult name=logout status=SUCCESS method=APITests.logout(java.lang.reflect.Method)[pri:2, instance:apple.apitests.APITests@683dbc2c] output={null}]]]>
              </value>
            </param>
          </params>
          <reporter-output>
          </reporter-output>
        </test-method> <!-- tearDown -->
        <test-method is-config="true" signature="afterSuite()[pri:0, instance:apple.apitests.APITests@683dbc2c]" started-at="2020-09-23T02:08:34 CDT" name="afterSuite" finished-at="2020-09-23T02:08:34 CDT" duration-ms="214" status="PASS">
          <reporter-output>
          </reporter-output>
        </test-method> <!-- afterSuite -->
      </class> <!-- apple.apitests.APITests -->
    </test> <!-- API Tests -->
  </suite> <!-- Apple Get API Tests -->
</testng-results>
